<?xml version="1.0" encoding="utf-8" standalone="no"?>
<!--This file represents the results of running a test suite-->
<test-results name="C:\CivilWar\ProyectoC#\UnitTestProject1\bin\Debug\UnitTestProject1.dll" total="2" errors="0" failures="0" not-run="0" inconclusive="0" ignored="0" skipped="0" invalid="0" date="2016-11-22" time="21:50:25">
  <environment nunit-version="2.6.4.14350" clr-version="2.0.50727.8745" os-version="Microsoft Windows NT 6.2.9200.0" platform="Win32NT" cwd="C:\Users\luisd\Downloads\NUnit-2.6.4\bin" machine-name="DESKTOP-QBRBS0H" user="luisd" user-domain="DESKTOP-QBRBS0H" />
  <culture-info current-culture="es-PE" current-uiculture="es-MX" />
  <test-suite type="Assembly" name="C:\CivilWar\ProyectoC#\UnitTestProject1\bin\Debug\UnitTestProject1.dll" executed="True" result="Success" success="True" time="4.405" asserts="0">
    <results>
      <test-suite type="Namespace" name="UnitTestProject1" executed="True" result="Success" success="True" time="4.333" asserts="0">
        <results>
          <test-suite type="TestFixture" name="AddEditAlumnoViewModelTest" executed="True" result="Success" success="True" time="4.317" asserts="0">
            <results>
              <test-case name="UnitTestProject1.AddEditAlumnoViewModelTest.Flujo" executed="True" result="Success" success="True" time="4.307" asserts="1" />
            </results>
          </test-suite>
        </results>
      </test-suite>
      <test-suite type="Namespace" name="UnitTestProject2" executed="True" result="Success" success="True" time="0.049" asserts="0">
        <results>
          <test-suite type="TestFixture" name="LstAlumnosViewModelTest" executed="True" result="Success" success="True" time="0.048" asserts="0">
            <results>
              <test-case name="UnitTestProject2.LstAlumnosViewModelTest.Flujo" executed="True" result="Success" success="True" time="0.046" asserts="1" />
            </results>
          </test-suite>
        </results>
      </test-suite>
    </results>
  </test-suite>
</test-results>